# HNF                       1:7       2:6       3:5       4:4       5:3       6:2       7:1       Total     
  1 0 1 0 0 8               1         4         5         8         5         4         1         28        
  1 0 1 0 1 8               1         4         5         8         5         4         1         28        
  1 0 1 0 2 8               1         4         5         8         5         4         1         28        
  1 0 1 0 4 8               1         4         5         8         5         4         1         28        
  1 0 1 0 6 8               1         4         5         8         5         4         1         28        
  1 0 1 0 7 8               1         4         5         8         5         4         1         28        
  1 0 1 1 2 8               1         4         5         8         5         4         1         28        
  1 0 1 1 3 8               1         4         5         8         5         4         1         28        
  1 0 1 0 3 8               1         3         4         6         4         3         1         22        
  1 0 1 0 5 8               1         3         4         6         4         3         1         22        
  1 0 1 1 4 8               1         3         4         6         4         3         1         22        
  1 0 1 2 3 8               1         3         4         6         4         3         1         22        
  1 0 1 3 4 8               1         3         4         6         4         3         1         22        
  1 0 2 0 0 4               1         5         5         10        5         5         1         32        
  1 0 2 0 2 4               1         4         4         8         4         4         1         26        
  1 0 2 1 0 4               1         4         4         8         4         4         1         26        
  1 1 2 3 0 4               1         4         4         8         4         4         1         26        
  1 0 2 1 2 4               1         4         4         8         4         4         1         26        
  1 1 2 1 0 4               1         3         3         6         3         3         1         20        
  2 0 2 0 0 2               1         2         2         4         2         2         1         14        
# --------------------------------------------------------------------------------------------------------------
0 0 0 0 0 0                 20        73        86        146       86        73        20        504       
