Random structure enumeration: 2016-04-14 17:39:14.256481
bulk
0.5000000       0.5000000       0.0000000
0.5000000       0.0000000       0.5000000
0.0000000       0.5000000       0.5000000
1
0.0000000       0.0000000       0.0000000
2-nary case
1   11
1e-7
Concentration check:
F
full list of labelings (including incomplete labelings) is used 
Equivalency list: 1 #Not used in the random enumeration algorithm 
start   #tot      HNF     Hdegn   labdegn   Totdegn   #size idx    pg    SNF             HNF                 Left transform                          labeling
         1         1       1        1        1           1   4     1   1  1  4    1  0  1  0  0  4      1    0    0    0    1    0    0    0    1    1000
         2         1       1        1        1           1   4     1   1  1  4    1  0  1  0  1  4      1    0    0    0    1    0    0   -1    1    1000
         3         1       1        1        1           1   4     1   1  1  4    1  0  1  0  2  4      1    0    0    0    1    0    0   -2    1    1000
         4         1       1        1        1           1   4     1   1  1  4    1  0  1  0  3  4      1    0    0    0    1    0    0   -3    1    1000
         5         1       1        1        1           1   4     1   1  1  4    1  0  1  1  2  4      1    0    0    0    1    0   -1   -2    1    1000
         6         1       1        1        1           1   4     1   1  2  2    1  0  2  0  0  2      1    0    0    0    1    0    0    0    1    1000
         7         1       1        1        1           1   4     1   1  2  2    1  1  2  1  0  2      1    0    0   -1    1    0   -1    0    1    1000
         8         1       1        1        1           1   4     1   1  1  4    1  0  1  0  0  4      1    0    0    0    1    0    0    0    1    0001
         9         1       1        1        1           1   4     1   1  1  4    1  0  1  0  1  4      1    0    0    0    1    0    0   -1    1    0001
        10         1       1        1        1           1   4     1   1  1  4    1  0  1  0  2  4      1    0    0    0    1    0    0   -2    1    0001
        11         1       1        1        1           1   4     1   1  1  4    1  0  1  0  3  4      1    0    0    0    1    0    0   -3    1    0001
        12         1       1        1        1           1   4     1   1  1  4    1  0  1  1  2  4      1    0    0    0    1    0   -1   -2    1    0001
        13         1       1        1        1           1   4     1   1  2  2    1  0  2  0  0  2      1    0    0    0    1    0    0    0    1    0001
        14         1       1        1        1           1   4     1   1  2  2    1  1  2  1  0  2      1    0    0   -1    1    0   -1    0    1    0001
        15         1       1        1        1           1   4     1   1  1  4    1  0  1  0  0  4      1    0    0    0    1    0    0    0    1    0011
        16         1       1        1        1           1   4     1   1  1  4    1  0  1  0  0  4      1    0    0    0    1    0    0    0    1    0101
        17         1       1        1        1           1   4     1   1  1  4    1  0  1  0  1  4      1    0    0    0    1    0    0   -1    1    0011
        18         1       1        1        1           1   4     1   1  1  4    1  0  1  0  1  4      1    0    0    0    1    0    0   -1    1    0101
        19         1       1        1        1           1   4     1   1  1  4    1  0  1  0  2  4      1    0    0    0    1    0    0   -2    1    0011
        20         1       1        1        1           1   4     1   1  1  4    1  0  1  0  2  4      1    0    0    0    1    0    0   -2    1    0101
        21         1       1        1        1           1   4     1   1  1  4    1  0  1  0  3  4      1    0    0    0    1    0    0   -3    1    0011
        22         1       1        1        1           1   4     1   1  1  4    1  0  1  0  3  4      1    0    0    0    1    0    0   -3    1    0101
        23         1       1        1        1           1   4     1   1  1  4    1  0  1  1  2  4      1    0    0    0    1    0   -1   -2    1    0011
        24         1       1        1        1           1   4     1   1  1  4    1  0  1  1  2  4      1    0    0    0    1    0   -1   -2    1    0101
        25         1       1        1        1           1   4     1   1  2  2    1  0  2  0  0  2      1    0    0    0    1    0    0    0    1    0011
        26         1       1        1        1           1   4     1   1  2  2    1  0  2  0  0  2      1    0    0    0    1    0    0    0    1    0110
        27         1       1        1        1           1   4     1   1  2  2    1  1  2  1  0  2      1    0    0   -1    1    0   -1    0    1    0011
