 # <fortpy version="3" revision="247"></fortpy>
Test      
bulk
 0.50000000      0.50000000       0.0000000        # a1 parent lattice vector
 0.50000000       0.0000000      0.50000000        # a2 parent lattice vector
  0.0000000      0.50000000      0.50000000        # a3 parent lattice vector
    1 # Number of points in the multilattice
  0.0000000       0.0000000       0.0000000        # d01 d-vector, labels: 0/1
 2-nary case
   4   4 # Starting and ending cell sizes for search
 0.10000000E-04 # Epsilon (finite precision parameter)
Concentration check:
    F
full list of labelings (including incomplete labelings) is used
Equivalency list: 1
start   #tot      HNF     Hdegn   labdegn   Totdegn   #size idx    pg    SNF             HNF                 Left transform                          labeling
          1         1       4        4       16           1   4    12   1  1  4    1  0  1  0  0  4      1    0    0    0    1    0    0    0    1   0001
          2         2       6        4       24           2   4     8   1  1  4    1  0  1  0  1  4      1    0    0    0    1    0    0   -1    1   0001
          3         3      12        4       48           3   4     4   1  1  4    1  0  1  0  2  4      1    0    0    0    1    0    0   -2    1   0001
          4         4       3        4       12           4   4    16   1  1  4    1  0  1  0  3  4      1    0    0    0    1    0    0   -3    1   0001
          5         5       3        4       12           5   4    16   1  1  4    1  0  1  1  2  4      1    0    0    0    1    0   -1   -2    1   0001
          6         1       4        4       16           6   4    12   1  1  4    1  0  1  0  0  4      1    0    0    0    1    0    0    0    1   0011
          7         2       6        4       24           7   4     8   1  1  4    1  0  1  0  1  4      1    0    0    0    1    0    0   -1    1   0011
          8         3      12        4       48           8   4     4   1  1  4    1  0  1  0  2  4      1    0    0    0    1    0    0   -2    1   0011
          9         4       3        4       12           9   4    16   1  1  4    1  0  1  0  3  4      1    0    0    0    1    0    0   -3    1   0011
         10         5       3        4       12          10   4    16   1  1  4    1  0  1  1  2  4      1    0    0    0    1    0   -1   -2    1   0011
         11         1       4        1        4          11   4    12   1  1  4    1  0  1  0  0  4      1    0    0    0    1    0    0    0    1   0111
         12         2       6        1        6          12   4     8   1  1  4    1  0  1  0  1  4      1    0    0    0    1    0    0   -1    1   0111
         13         3      12        1       12          13   4     4   1  1  4    1  0  1  0  2  4      1    0    0    0    1    0    0   -2    1   0111
         14         4       3        1        3          14   4    16   1  1  4    1  0  1  0  3  4      1    0    0    0    1    0    0   -3    1   0111
         15         5       3        1        3          15   4    16   1  1  4    1  0  1  1  2  4      1    0    0    0    1    0   -1   -2    1   0111
         16         6       6        4       24          16   4     8   1  2  2    1  0  2  0  0  2      1    0    0    0    1    0    0    0    1   0001
         17         6       6        3       18          17   4     8   1  2  2    1  0  2  0  0  2      1    0    0    0    1    0    0    0    1   0111
         18         7       1        4        4          18   4    48   1  2  2    1  1  2  1  0  2      1    0    0   -1    1    0   -1    0    1   0001
         19         7       1        5        5          19   4    48   1  2  2    1  1  2  1  0  2      1    0    0   -1    1    0   -1    0    1   0111
